Loading required package: lattice
Loading required package: iterators
FLCore (Version 2.6.21, packaged: 2026-01-26 17:08:09 UTC)
Loading required package: ggplotFL
Loading required package: ggplot2

Attaching package: ‘ggplot2’

The following object is masked from ‘package:FLCore’:

    %+%

Loading required package: data.table
Loading required package: FLasher
FLasher: Dacw hi, a'I gwyneb mewn poen
Loading required package: future
Loading required package: progressr

Attaching package: ‘stockassessment’

The following object is masked from ‘package:mse’:

    hcr


Attaching package: ‘DiceKriging’

The following object is masked from ‘package:FLCore’:

    cv

Loading required package: foreach
Loading required package: parallel
Warning message:
no DISPLAY variable so Tk is not available 
Warning message:
did not converge in 10 iterations 
