Loading required package: lattice
Loading required package: iterators
FLCore (Version 2.6.21, packaged: 2026-01-26 17:08:09 UTC)
Loading required package: ggplotFL
Loading required package: ggplot2

Attaching package: ‘ggplot2’

The following object is masked from ‘package:FLCore’:

    %+%

Loading required package: data.table
Loading required package: FLasher
FLasher: Epoch and eon, it's always the same
Loading required package: future
Loading required package: progressr

Attaching package: ‘stockassessment’

The following object is masked from ‘package:mse’:

    hcr


Attaching package: ‘DiceKriging’

The following object is masked from ‘package:FLCore’:

    cv

Loading required package: foreach
Loading required package: parallel
Warning message:
no DISPLAY variable so Tk is not available 

 *** caught segfault ***
address 0x30000000f, cause 'memory not mapped'
/var/spool/slurmd.spool/job30872645/slurm_script: line 26: 435908 Segmentation fault      (core dumped) Rscript ./MixME_experimentation/My_scripts/Two_stocks_Optimising_ftarget_in_shortcut_model.R
Error in sendMaster(try(eval(expr, env), silent = TRUE), FALSE) : 
  write error, closing pipe to the master
Calls: doMclapply ... mclapply -> lapply -> FUN -> mcparallel -> sendMaster
In addition: Warning message:
did not converge in 10 iterations 
